c:\users\diego\desktop\estructuras\editortexto - copia\tda\debug\editor_tda.pch
c:\users\diego\desktop\estructuras\editortexto - copia\tda\debug\editor_tda.pdb
c:\users\diego\desktop\estructuras\editortexto - copia\tda\debug\editor_tda.idb
c:\users\diego\desktop\estructuras\editortexto - copia\tda\debug\stdafx.obj
c:\users\diego\desktop\estructuras\editortexto - copia\tda\debug\archivos.obj
c:\users\diego\desktop\estructuras\editortexto - copia\tda\debug\dll.obj
c:\users\diego\desktop\estructuras\editortexto - copia\tda\debug\queue.obj
c:\users\diego\desktop\estructuras\editortexto - copia\tda\debug\sll.obj
c:\users\diego\desktop\estructuras\editortexto - copia\debug\editor_tda.lib
c:\users\diego\desktop\estructuras\editortexto\tda\debug\archivos.obj
c:\users\diego\desktop\estructuras\editortexto\tda\debug\dll.obj
c:\users\diego\desktop\estructuras\editortexto\tda\debug\queue.obj
c:\users\diego\desktop\estructuras\editortexto\tda\debug\sll.obj
c:\users\diego\desktop\estructuras\editortexto\tda\debug\stdafx.obj
c:\users\diego\desktop\estructuras\editortexto\tda\debug\editor_tda.pch
c:\users\diego\desktop\estructuras\editortexto\tda\debug\editor_tda.idb
c:\users\diego\desktop\estructuras\editortexto\tda\debug\editor_tda.pdb
c:\users\diego\desktop\estructuras\editortexto\debug\editor_tda.pdb
c:\users\diego\desktop\estructuras\editortexto\debug\editor_tda.lib
c:\users\diego\desktop\estructuras\editortexto\tda\debug\editor_tda.tlog\cl.command.1.tlog
c:\users\diego\desktop\estructuras\editortexto\tda\debug\editor_tda.tlog\cl.read.1.tlog
c:\users\diego\desktop\estructuras\editortexto\tda\debug\editor_tda.tlog\cl.write.1.tlog
c:\users\diego\desktop\estructuras\editortexto\tda\debug\editor_tda.tlog\lib-link.read.1.tlog
c:\users\diego\desktop\estructuras\editortexto\tda\debug\editor_tda.tlog\lib-link.write.1.tlog
c:\users\diego\desktop\estructuras\editortexto\tda\debug\editor_tda.tlog\lib.command.1.tlog
